Arguments: 
  /usr/local/bin/node /usr/local/bin/yarn parcel build src/index.html

PATH: 
  /Users/bernardino/.gem/ruby/3.1.2/bin:/Users/bernardino/.rubies/ruby-3.1.2/lib/ruby/gems/3.1.0/bin:/Users/bernardino/.rubies/ruby-3.1.2/bin:/opt/homebrew/bin:/usr/local/sbin:/opt/homebrew/opt/ruby/bin:/Users/bernardino/opt/anaconda3/condabin:/Users/bernardino/.poetry/bin:/Users/bernardino/.cabal/bin:/Users/bernardino/.ghcup/bin:/usr/local/smlnj/bin:/Users/bernardino/opt/anaconda3/bin:/Users/bernardino/opt/anaconda3/condabin:/Library/Frameworks/Python.framework/Versions/3.10/bin:/Library/Frameworks/Python.framework/Versions/3.9/bin:/usr/local/bin:/usr/bin:/bin:/usr/sbin:/sbin:/Library/TeX/texbin:/opt/X11/bin:/Users/bernardino/Desktop/nand2tetris/tools:/Applications/Racket v8.8/bin:/usr/local/bin/geckodriver

Yarn version: 
  1.22.18

Node version: 
  19.1.0

Platform: 
  darwin arm64

Trace: 
  SyntaxError: /Users/bernardino/Desktop/elmCalc/package.json: Expected double-quoted property name in JSON at position 260
      at JSON.parse (<anonymous>)
      at /usr/local/lib/node_modules/yarn/lib/cli.js:1625:59
      at Generator.next (<anonymous>)
      at step (/usr/local/lib/node_modules/yarn/lib/cli.js:310:30)
      at /usr/local/lib/node_modules/yarn/lib/cli.js:321:13

npm manifest: 
  {
    "name": "elm-calculator",
    "version": "0.0.1",
    "main": "index.js",
    "license": "MIT",
    "dependencies": {
      "elm": "^0.19.1-3"
    },
    "devDependencies": {
      "elm-hot": "^1.0.1",
      "node-elm-compiler": "^5.0.3",
      "parcel-bundler": "^1.12.3",
    },
    "scripts": {
      "start": "parcel src/index.html",
      "build": "parcel build src/index.html"
    }
  }

yarn manifest: 
  No manifest

Lockfile: 
  No lockfile
